<?xml version="1.0" encoding="UTF-8"?>
<testng-results ignored="0" total="1" passed="1" failed="0" skipped="0">
  <reporter-output>
    <line>
      <![CDATA[LOG: INFO : Creating browser instances]]>
    </line>
    <line>
      <![CDATA[LOG: INFO : Browser instance is ready ]]>
    </line>
    <line>
      <![CDATA[LOG : INFO -Config File loaded]]>
    </line>
    <line>
      <![CDATA[LOG : INFO -Config File loaded]]>
    </line>
    <line>
      <![CDATA[LOG : INFO -Config File loaded]]>
    </line>
    <line>
      <![CDATA[LOG : INFO -Config File loaded]]>
    </line>
    <line>
      <![CDATA[LOG : INFO -Config File loaded]]>
    </line>
    <line>
      <![CDATA[LOG : INFO -Config File loaded]]>
    </line>
    <line>
      <![CDATA[LOG: INFO : Closing browser instances]]>
    </line>
    <line>
      <![CDATA[LOG: INFO : Browser instances closed]]>
    </line>
  </reporter-output>
  <suite started-at="2023-12-05T12:51:24 IST" name="Default suite" finished-at="2023-12-05T12:55:26 IST" duration-ms="241922">
    <groups>
    </groups>
    <test started-at="2023-12-05T12:51:24 IST" name="Default test" finished-at="2023-12-05T12:55:26 IST" duration-ms="241922">
      <class name="org.aia.testcases.membership.TestDeceasedMarkingProcess_Membership">
        <test-method is-config="true" signature="setup()[pri:0, instance:org.aia.testcases.membership.TestDeceasedMarkingProcess_Membership@1530c739]" started-at="2023-12-05T12:51:24 IST" name="setup" finished-at="2023-12-05T12:51:24 IST" duration-ms="14" status="PASS">
          <reporter-output>
          </reporter-output>
        </test-method> <!-- setup -->
        <test-method is-config="true" signature="initialTestSetup()[pri:0, instance:org.aia.testcases.membership.TestDeceasedMarkingProcess_Membership@1530c739]" started-at="2023-12-05T12:51:24 IST" name="initialTestSetup" finished-at="2023-12-05T12:51:24 IST" duration-ms="3" status="PASS">
          <reporter-output>
          </reporter-output>
        </test-method> <!-- initialTestSetup -->
        <test-method is-config="true" signature="setupBrowser()[pri:0, instance:org.aia.testcases.membership.TestDeceasedMarkingProcess_Membership@1530c739]" started-at="2023-12-05T12:51:24 IST" name="setupBrowser" finished-at="2023-12-05T12:51:24 IST" duration-ms="6" status="PASS">
          <reporter-output>
            <line>
              <![CDATA[LOG: INFO : Creating browser instances]]>
            </line>
            <line>
              <![CDATA[LOG: INFO : Browser instance is ready ]]>
            </line>
          </reporter-output>
        </test-method> <!-- setupBrowser -->
        <test-method is-config="true" signature="setUp()[pri:0, instance:org.aia.testcases.membership.TestDeceasedMarkingProcess_Membership@1530c739]" started-at="2023-12-05T12:51:24 IST" name="setUp" finished-at="2023-12-05T12:51:51 IST" duration-ms="26271" status="PASS">
          <reporter-output>
            <line>
              <![CDATA[LOG : INFO -Config File loaded]]>
            </line>
            <line>
              <![CDATA[LOG : INFO -Config File loaded]]>
            </line>
            <line>
              <![CDATA[LOG : INFO -Config File loaded]]>
            </line>
            <line>
              <![CDATA[LOG : INFO -Config File loaded]]>
            </line>
            <line>
              <![CDATA[LOG : INFO -Config File loaded]]>
            </line>
            <line>
              <![CDATA[LOG : INFO -Config File loaded]]>
            </line>
          </reporter-output>
        </test-method> <!-- setUp -->
        <test-method signature="verifyDeceasedMarkingProcess()[pri:1, instance:org.aia.testcases.membership.TestDeceasedMarkingProcess_Membership@1530c739]" started-at="2023-12-05T12:51:51 IST" name="verifyDeceasedMarkingProcess" description="(FM-364) Deceased Marking Process(Fovteva)" finished-at="2023-12-05T12:55:24 IST" duration-ms="213499" status="PASS">
          <reporter-output>
          </reporter-output>
        </test-method> <!-- verifyDeceasedMarkingProcess -->
        <test-method is-config="true" signature="tearDown(org.testng.ITestResult)[pri:0, instance:org.aia.testcases.membership.TestDeceasedMarkingProcess_Membership@1530c739]" started-at="2023-12-05T12:55:24 IST" name="tearDown" finished-at="2023-12-05T12:55:24 IST" duration-ms="147" status="PASS">
          <params>
            <param index="0">
              <value>
                <![CDATA[[TestResult name=verifyDeceasedMarkingProcess status=SUCCESS method=TestDeceasedMarkingProcess_Membership.verifyDeceasedMarkingProcess()[pri:1, instance:org.aia.testcases.membership.TestDeceasedMarkingProcess_Membership@1530c739] output={null}]]]>
              </value>
            </param>
          </params>
          <reporter-output>
          </reporter-output>
        </test-method> <!-- tearDown -->
        <test-method is-config="true" signature="tearDown()[pri:0, instance:org.aia.testcases.membership.TestDeceasedMarkingProcess_Membership@1530c739]" started-at="2023-12-05T12:55:24 IST" name="tearDown" finished-at="2023-12-05T12:55:26 IST" duration-ms="1924" status="PASS">
          <reporter-output>
            <line>
              <![CDATA[LOG: INFO : Closing browser instances]]>
            </line>
            <line>
              <![CDATA[LOG: INFO : Browser instances closed]]>
            </line>
          </reporter-output>
        </test-method> <!-- tearDown -->
        <test-method is-config="true" signature="finalTestTearDown()[pri:0, instance:org.aia.testcases.membership.TestDeceasedMarkingProcess_Membership@1530c739]" started-at="2023-12-05T12:55:26 IST" name="finalTestTearDown" finished-at="2023-12-05T12:55:26 IST" duration-ms="0" status="PASS">
          <reporter-output>
          </reporter-output>
        </test-method> <!-- finalTestTearDown -->
      </class> <!-- org.aia.testcases.membership.TestDeceasedMarkingProcess_Membership -->
    </test> <!-- Default test -->
  </suite> <!-- Default suite -->
</testng-results>
